<?xml version="1.0" encoding="UTF-8"?>
<!-- Generated by org.testng.reporters.JUnitReportReporter -->
<testsuite hostname="DESKTOP-07OFVAR" failures="0" tests="3" name="TestNG_DataProvider" time="19.806" errors="0" timestamp="2023-11-24T11:23:50 PST" skipped="0">
  <testcase classname="TestNG_DataProvider" name="search" time="4.941"/>
  <system-out>
    <![CDATA[The keyword entered is: First-value]]>
  </system-out>
  <testcase classname="TestNG_DataProvider" name="search" time="4.781"/>
  <system-out>
    <![CDATA[The keyword entered is: Second-value]]>
  </system-out>
  <testcase classname="TestNG_DataProvider" name="search" time="10.084"/>
  <system-out>
    <![CDATA[The keyword entered is: Third-value]]>
  </system-out>
</testsuite> <!-- TestNG_DataProvider -->
